
ROM used: 1700 (83%)
          1700 (83%) including unused fragments

          4 Average locations per line
          13 Average locations per statement

RAM used: 82 (37%) at main() level
          126 (56%) worst case

Stack used: 5 worst case (out of 8 total available)

Lines Stmts  %   Files
----- ----- ---  -----
  243   131 100  CNC firmware PIC16F628A.c
  222     0   0  ..\..\..\..\..\..\..\..\Program Files (x86)\PICC\devices\16F628A.h
----- -----
  465   131 Total

Page ROM  %  RAM   Vol Diff  Functions:
---- --- --- ---   --- ----  ----------
0     20   1   1             @delay_ms1
0     17   1   1             @delay_us1
 Inline        0   411  6.1  movex
 Inline        0   411  6.1  movey
0     27   2   2    70  1.5  limpar
0     26   2   0             @const79
0    465  27  10   884  7.8  mover
0     31   2   2             @ITOF
0    204  12  14             @DIVFF
0    326  19  16             @ADDFF
0     65   4  10             @FLT
0     31   2   3   282  4.6  zero
0    222  13   9  1563 11.6  converte
0     21   1   5             @MUL1616
0      9   1   0             @goto10294
0     20   1   0    33  1.3  serial_isr
0    167  10   1   816  7.6  MAIN

Program metrics:
    Functions               8
    Statements              131
    Comments                127
    Volume (V)              6406
    Difficilty (D)          46.3
    Effort to implement (E) 296453
    Time to implement (T)   4 hours, 34 minutes
    Est Delivered Bugs (B)  1
    Cyclomatic Complexity   33
    Maintainability (MI)    84

 Segment     Used  Free
-----------  ----  ----
00000-00003     4  0  
00004-00030    45  0  
00031-007FF  1651  348  



